<?xml version="1.0" encoding="UTF-8"?>
<coverage generated="1726158762270" clover="3.2.0">
  <project timestamp="1726158762271" name="All files">
    <metrics statements="45" coveredstatements="44" conditionals="16" coveredconditionals="14" methods="12" coveredmethods="12" elements="73" coveredelements="70" complexity="0" loc="45" ncloc="45" packages="1" files="3" classes="3"/>
    <file name="divide.js" path="S:\CsBe\Module\450\Aufgaben\Aufgabe3\Arbeitsblatt3_M450\divide.js">
      <metrics statements="4" coveredstatements="4" conditionals="4" coveredconditionals="4" methods="1" coveredmethods="1"/>
      <line num="2" count="2" type="cond" truecount="4" falsecount="0"/>
      <line num="3" count="1" type="stmt"/>
      <line num="5" count="1" type="stmt"/>
      <line num="9" count="1" type="stmt"/>
    </file>
    <file name="extended_formatting.js" path="S:\CsBe\Module\450\Aufgaben\Aufgabe3\Arbeitsblatt3_M450\extended_formatting.js">
      <metrics statements="26" coveredstatements="25" conditionals="10" coveredconditionals="9" methods="7" coveredmethods="7"/>
      <line num="2" count="4" type="stmt"/>
      <line num="3" count="4" type="stmt"/>
      <line num="4" count="11" type="stmt"/>
      <line num="5" count="12" type="cond" truecount="2" falsecount="0"/>
      <line num="6" count="4" type="stmt"/>
      <line num="7" count="4" type="stmt"/>
      <line num="10" count="11" type="cond" truecount="2" falsecount="0"/>
      <line num="11" count="10" type="stmt"/>
      <line num="14" count="4" type="stmt"/>
      <line num="18" count="3" type="stmt"/>
      <line num="19" count="3" type="stmt"/>
      <line num="20" count="3" type="stmt"/>
      <line num="21" count="9" type="stmt"/>
      <line num="22" count="9" type="cond" truecount="2" falsecount="0"/>
      <line num="23" count="3" type="stmt"/>
      <line num="25" count="6" type="stmt"/>
      <line num="28" count="3" type="stmt"/>
      <line num="32" count="2" type="stmt"/>
      <line num="33" count="4" type="cond" truecount="2" falsecount="0"/>
      <line num="34" count="2" type="stmt"/>
      <line num="36" count="2" type="cond" truecount="1" falsecount="1"/>
      <line num="37" count="2" type="stmt"/>
      <line num="39" count="0" type="stmt"/>
      <line num="44" count="2" type="stmt"/>
      <line num="48" count="6" type="stmt"/>
      <line num="51" count="1" type="stmt"/>
    </file>
    <file name="formatting.js" path="S:\CsBe\Module\450\Aufgaben\Aufgabe3\Arbeitsblatt3_M450\formatting.js">
      <metrics statements="15" coveredstatements="15" conditionals="2" coveredconditionals="1" methods="4" coveredmethods="4"/>
      <line num="2" count="1" type="stmt"/>
      <line num="6" count="1" type="stmt"/>
      <line num="7" count="1" type="stmt"/>
      <line num="8" count="1" type="stmt"/>
      <line num="12" count="1" type="stmt"/>
      <line num="13" count="1" type="stmt"/>
      <line num="14" count="4" type="stmt"/>
      <line num="18" count="1" type="stmt"/>
      <line num="22" count="1" type="stmt"/>
      <line num="23" count="1" type="stmt"/>
      <line num="24" count="1" type="stmt"/>
      <line num="25" count="4" type="cond" truecount="1" falsecount="1"/>
      <line num="26" count="4" type="stmt"/>
      <line num="29" count="1" type="stmt"/>
      <line num="32" count="1" type="stmt"/>
    </file>
  </project>
</coverage>
