{"S:\\CsBe\\Module\\450\\Aufgaben\\Aufgabe3\\Arbeitsblatt3_M450\\divide.js": {"path":"S:\\CsBe\\Module\\450\\Aufgaben\\Aufgabe3\\Arbeitsblatt3_M450\\divide.js","statementMap":{"0":{"start":{"line":2,"column":1},"end":{"line":6,"column":2}},"1":{"start":{"line":3,"column":2},"end":{"line":3,"column":34}},"2":{"start":{"line":5,"column":2},"end":{"line":5,"column":15}},"3":{"start":{"line":9,"column":0},"end":{"line":9,"column":28}}},"fnMap":{"0":{"name":"divide","decl":{"start":{"line":1,"column":9},"end":{"line":1,"column":15}},"loc":{"start":{"line":1,"column":22},"end":{"line":7,"column":1}},"line":1}},"branchMap":{"0":{"loc":{"start":{"line":2,"column":1},"end":{"line":6,"column":2}},"type":"if","locations":[{"start":{"line":2,"column":1},"end":{"line":6,"column":2}},{"start":{"line":4,"column":8},"end":{"line":6,"column":2}}],"line":2},"1":{"loc":{"start":{"line":2,"column":5},"end":{"line":2,"column":24}},"type":"binary-expr","locations":[{"start":{"line":2,"column":5},"end":{"line":2,"column":13}},{"start":{"line":2,"column":17},"end":{"line":2,"column":24}}],"line":2}},"s":{"0":2,"1":1,"2":1,"3":1},"f":{"0":2},"b":{"0":[1,1],"1":[2,2]},"_coverageSchema":"1a1c01bbd47fc00a2c39e90264f33305004495a9","hash":"bf4f30d1dae1a0b229db877836475c2de832d2a8"}
,"S:\\CsBe\\Module\\450\\Aufgaben\\Aufgabe3\\Arbeitsblatt3_M450\\extended_formatting.js": {"path":"S:\\CsBe\\Module\\450\\Aufgaben\\Aufgabe3\\Arbeitsblatt3_M450\\extended_formatting.js","statementMap":{"0":{"start":{"line":2,"column":29},"end":{"line":2,"column":31}},"1":{"start":{"line":3,"column":1},"end":{"line":13,"column":2}},"2":{"start":{"line":3,"column":14},"end":{"line":3,"column":15}},"3":{"start":{"line":4,"column":2},"end":{"line":9,"column":3}},"4":{"start":{"line":4,"column":15},"end":{"line":4,"column":16}},"5":{"start":{"line":5,"column":3},"end":{"line":8,"column":4}},"6":{"start":{"line":6,"column":4},"end":{"line":6,"column":23}},"7":{"start":{"line":7,"column":4},"end":{"line":7,"column":37}},"8":{"start":{"line":10,"column":2},"end":{"line":12,"column":3}},"9":{"start":{"line":11,"column":3},"end":{"line":11,"column":38}},"10":{"start":{"line":14,"column":1},"end":{"line":14,"column":28}},"11":{"start":{"line":18,"column":19},"end":{"line":18,"column":21}},"12":{"start":{"line":19,"column":19},"end":{"line":19,"column":33}},"13":{"start":{"line":20,"column":1},"end":{"line":27,"column":2}},"14":{"start":{"line":20,"column":14},"end":{"line":20,"column":15}},"15":{"start":{"line":21,"column":17},"end":{"line":21,"column":29}},"16":{"start":{"line":22,"column":2},"end":{"line":26,"column":3}},"17":{"start":{"line":23,"column":3},"end":{"line":23,"column":23}},"18":{"start":{"line":25,"column":3},"end":{"line":25,"column":25}},"19":{"start":{"line":28,"column":1},"end":{"line":28,"column":18}},"20":{"start":{"line":32,"column":1},"end":{"line":40,"column":4}},"21":{"start":{"line":33,"column":2},"end":{"line":35,"column":3}},"22":{"start":{"line":34,"column":3},"end":{"line":34,"column":13}},"23":{"start":{"line":36,"column":2},"end":{"line":38,"column":3}},"24":{"start":{"line":37,"column":3},"end":{"line":37,"column":12}},"25":{"start":{"line":39,"column":2},"end":{"line":39,"column":11}},"26":{"start":{"line":44,"column":1},"end":{"line":44,"column":43}},"27":{"start":{"line":48,"column":1},"end":{"line":48,"column":57}},"28":{"start":{"line":48,"column":33},"end":{"line":48,"column":55}},"29":{"start":{"line":51,"column":0},"end":{"line":57,"column":2}}},"fnMap":{"0":{"name":"uniqueValues","decl":{"start":{"line":1,"column":9},"end":{"line":1,"column":21}},"loc":{"start":{"line":1,"column":29},"end":{"line":15,"column":1}},"line":1},"1":{"name":"letterFrequency","decl":{"start":{"line":17,"column":9},"end":{"line":17,"column":24}},"loc":{"start":{"line":17,"column":31},"end":{"line":29,"column":1}},"line":17},"2":{"name":"sortByKey","decl":{"start":{"line":31,"column":9},"end":{"line":31,"column":18}},"loc":{"start":{"line":31,"column":31},"end":{"line":41,"column":1}},"line":31},"3":{"name":"(anonymous_3)","decl":{"start":{"line":32,"column":19},"end":{"line":32,"column":20}},"loc":{"start":{"line":32,"column":29},"end":{"line":40,"column":2}},"line":32},"4":{"name":"deepClone","decl":{"start":{"line":43,"column":9},"end":{"line":43,"column":18}},"loc":{"start":{"line":43,"column":27},"end":{"line":45,"column":1}},"line":43},"5":{"name":"intersection","decl":{"start":{"line":47,"column":9},"end":{"line":47,"column":21}},"loc":{"start":{"line":47,"column":38},"end":{"line":49,"column":1}},"line":47},"6":{"name":"(anonymous_6)","decl":{"start":{"line":48,"column":22},"end":{"line":48,"column":23}},"loc":{"start":{"line":48,"column":33},"end":{"line":48,"column":55}},"line":48}},"branchMap":{"0":{"loc":{"start":{"line":5,"column":3},"end":{"line":8,"column":4}},"type":"if","locations":[{"start":{"line":5,"column":3},"end":{"line":8,"column":4}},{"start":{},"end":{}}],"line":5},"1":{"loc":{"start":{"line":10,"column":2},"end":{"line":12,"column":3}},"type":"if","locations":[{"start":{"line":10,"column":2},"end":{"line":12,"column":3}},{"start":{},"end":{}}],"line":10},"2":{"loc":{"start":{"line":22,"column":2},"end":{"line":26,"column":3}},"type":"if","locations":[{"start":{"line":22,"column":2},"end":{"line":26,"column":3}},{"start":{"line":24,"column":9},"end":{"line":26,"column":3}}],"line":22},"3":{"loc":{"start":{"line":33,"column":2},"end":{"line":35,"column":3}},"type":"if","locations":[{"start":{"line":33,"column":2},"end":{"line":35,"column":3}},{"start":{},"end":{}}],"line":33},"4":{"loc":{"start":{"line":36,"column":2},"end":{"line":38,"column":3}},"type":"if","locations":[{"start":{"line":36,"column":2},"end":{"line":38,"column":3}},{"start":{},"end":{}}],"line":36}},"s":{"0":4,"1":4,"2":4,"3":11,"4":11,"5":12,"6":4,"7":4,"8":11,"9":10,"10":4,"11":3,"12":3,"13":3,"14":3,"15":9,"16":9,"17":3,"18":6,"19":3,"20":2,"21":4,"22":2,"23":2,"24":2,"25":0,"26":2,"27":3,"28":6,"29":1},"f":{"0":4,"1":3,"2":2,"3":4,"4":2,"5":3,"6":6},"b":{"0":[4,8],"1":[10,1],"2":[3,6],"3":[2,2],"4":[2,0]},"_coverageSchema":"1a1c01bbd47fc00a2c39e90264f33305004495a9","hash":"5dd0609503095d32e4f0c011878399cfe138915c"}
,"S:\\CsBe\\Module\\450\\Aufgaben\\Aufgabe3\\Arbeitsblatt3_M450\\formatting.js": {"path":"S:\\CsBe\\Module\\450\\Aufgaben\\Aufgabe3\\Arbeitsblatt3_M450\\formatting.js","statementMap":{"0":{"start":{"line":2,"column":1},"end":{"line":2,"column":32}},"1":{"start":{"line":6,"column":22},"end":{"line":6,"column":55}},"2":{"start":{"line":7,"column":1},"end":{"line":7,"column":27}},"3":{"start":{"line":8,"column":1},"end":{"line":8,"column":58}},"4":{"start":{"line":12,"column":23},"end":{"line":12,"column":42}},"5":{"start":{"line":13,"column":1},"end":{"line":16,"column":2}},"6":{"start":{"line":13,"column":14},"end":{"line":13,"column":15}},"7":{"start":{"line":14,"column":2},"end":{"line":15,"column":69}},"8":{"start":{"line":18,"column":1},"end":{"line":18,"column":32}},"9":{"start":{"line":22,"column":23},"end":{"line":22,"column":42}},"10":{"start":{"line":23,"column":19},"end":{"line":23,"column":21}},"11":{"start":{"line":24,"column":1},"end":{"line":28,"column":2}},"12":{"start":{"line":24,"column":14},"end":{"line":24,"column":15}},"13":{"start":{"line":25,"column":2},"end":{"line":27,"column":3}},"14":{"start":{"line":26,"column":3},"end":{"line":26,"column":34}},"15":{"start":{"line":29,"column":1},"end":{"line":29,"column":27}},"16":{"start":{"line":32,"column":0},"end":{"line":37,"column":2}}},"fnMap":{"0":{"name":"getLastElement","decl":{"start":{"line":1,"column":9},"end":{"line":1,"column":23}},"loc":{"start":{"line":1,"column":31},"end":{"line":3,"column":1}},"line":1},"1":{"name":"isPalindrome","decl":{"start":{"line":5,"column":9},"end":{"line":5,"column":21}},"loc":{"start":{"line":5,"column":28},"end":{"line":9,"column":1}},"line":5},"2":{"name":"capitalizeWords","decl":{"start":{"line":11,"column":9},"end":{"line":11,"column":24}},"loc":{"start":{"line":11,"column":35},"end":{"line":19,"column":1}},"line":11},"3":{"name":"lengthOfLongestWord","decl":{"start":{"line":21,"column":9},"end":{"line":21,"column":28}},"loc":{"start":{"line":21,"column":39},"end":{"line":30,"column":1}},"line":21}},"branchMap":{"0":{"loc":{"start":{"line":25,"column":2},"end":{"line":27,"column":3}},"type":"if","locations":[{"start":{"line":25,"column":2},"end":{"line":27,"column":3}},{"start":{},"end":{}}],"line":25}},"s":{"0":1,"1":1,"2":1,"3":1,"4":1,"5":1,"6":1,"7":4,"8":1,"9":1,"10":1,"11":1,"12":1,"13":4,"14":4,"15":1,"16":1},"f":{"0":1,"1":1,"2":1,"3":1},"b":{"0":[4,0]},"_coverageSchema":"1a1c01bbd47fc00a2c39e90264f33305004495a9","hash":"2d9deebd5e1b00b3fc901b0f11b5f240b2629a61"}
}
