TN:
SF:divide.js
FN:1,divide
FNF:1
FNH:1
FNDA:2,divide
DA:2,2
DA:3,1
DA:5,1
DA:9,1
LF:4
LH:4
BRDA:2,0,0,1
BRDA:2,0,1,1
BRDA:2,1,0,2
BRDA:2,1,1,2
BRF:4
BRH:4
end_of_record
TN:
SF:extended_formatting.js
FN:1,uniqueValues
FN:17,letterFrequency
FN:31,sortByKey
FN:32,(anonymous_3)
FN:43,deepClone
FN:47,intersection
FN:48,(anonymous_6)
FNF:7
FNH:7
FNDA:4,uniqueValues
FNDA:3,letterFrequency
FNDA:2,sortByKey
FNDA:4,(anonymous_3)
FNDA:2,deepClone
FNDA:3,intersection
FNDA:6,(anonymous_6)
DA:2,4
DA:3,4
DA:4,11
DA:5,12
DA:6,4
DA:7,4
DA:10,11
DA:11,10
DA:14,4
DA:18,3
DA:19,3
DA:20,3
DA:21,9
DA:22,9
DA:23,3
DA:25,6
DA:28,3
DA:32,2
DA:33,4
DA:34,2
DA:36,2
DA:37,2
DA:39,0
DA:44,2
DA:48,6
DA:51,1
LF:26
LH:25
BRDA:5,0,0,4
BRDA:5,0,1,8
BRDA:10,1,0,10
BRDA:10,1,1,1
BRDA:22,2,0,3
BRDA:22,2,1,6
BRDA:33,3,0,2
BRDA:33,3,1,2
BRDA:36,4,0,2
BRDA:36,4,1,0
BRF:10
BRH:9
end_of_record
TN:
SF:formatting.js
FN:1,getLastElement
FN:5,isPalindrome
FN:11,capitalizeWords
FN:21,lengthOfLongestWord
FNF:4
FNH:4
FNDA:1,getLastElement
FNDA:1,isPalindrome
FNDA:1,capitalizeWords
FNDA:1,lengthOfLongestWord
DA:2,1
DA:6,1
DA:7,1
DA:8,1
DA:12,1
DA:13,1
DA:14,4
DA:18,1
DA:22,1
DA:23,1
DA:24,1
DA:25,4
DA:26,4
DA:29,1
DA:32,1
LF:15
LH:15
BRDA:25,0,0,4
BRDA:25,0,1,0
BRF:2
BRH:1
end_of_record
